<?xml version="1.0" encoding="utf-8"?><testsuites name="pytest tests"><testsuite name="pytest" errors="0" failures="0" skipped="0" tests="6" time="2.975" timestamp="2026-08-09T01:43:21.179722+00:00" hostname="agent-env-3927256c-4ba4-4865-b266-9da99051ec8c"><testcase classname="backend.tests.test_strategies" name="test_create_strategy_shape" time="0.896" /><testcase classname="backend.tests.test_strategies" name="test_list_strategies_contains_created" time="0.188" /><testcase classname="backend.tests.test_strategies" name="test_list_strategies_unauthenticated" time="0.133" /><testcase classname="backend.tests.test_strategies" name="test_toggle_active_persists" time="0.774" /><testcase classname="backend.tests.test_strategies" name="test_non_admin_cannot_create" time="0.132" /><testcase classname="backend.tests.test_strategies" name="test_delete_strategy" time="0.806" /></testsuite></testsuites>